\BOOKMARK [0][-]{section*.6}{\315ndice de figuras}{}% 1
\BOOKMARK [0][-]{section*.8}{\315ndice de t\341boas}{}% 2
\BOOKMARK [0][-]{chapter.1}{Introduci\363n}{}% 3
\BOOKMARK [1][-]{section.1.1}{Contexto}{chapter.1}% 4
\BOOKMARK [1][-]{section.1.2}{Soluci\363ns actuais}{chapter.1}% 5
\BOOKMARK [1][-]{section.1.3}{Obxectivos}{chapter.1}% 6
\BOOKMARK [1][-]{section.1.4}{Estrutura da memoria}{chapter.1}% 7
\BOOKMARK [0][-]{chapter.2}{Conceptos te\363ricos}{}% 8
\BOOKMARK [1][-]{section.2.1}{Android}{chapter.2}% 9
\BOOKMARK [1][-]{section.2.2}{GPS}{chapter.2}% 10
\BOOKMARK [1][-]{section.2.3}{Posicionamento en interiores}{chapter.2}% 11
\BOOKMARK [1][-]{section.2.4}{Servizos web}{chapter.2}% 12
\BOOKMARK [2][-]{subsection.2.4.1}{Servizos web REST}{section.2.4}% 13
\BOOKMARK [0][-]{chapter.3}{Fundamentos tecnol\363xicos}{}% 14
\BOOKMARK [1][-]{section.3.1}{Recursos hardware}{chapter.3}% 15
\BOOKMARK [2][-]{subsection.3.1.1}{Dispositivos \(tel\351fonos\) m\363biles intelixentes}{section.3.1}% 16
\BOOKMARK [1][-]{section.3.2}{Recursos software}{chapter.3}% 17
\BOOKMARK [2][-]{subsection.3.2.1}{Recursos para a elaboraci\363n do proxecto}{section.3.2}% 18
\BOOKMARK [2][-]{subsection.3.2.2}{Recursos de xesti\363n e elaboraci\363n da memoria}{section.3.2}% 19
\BOOKMARK [0][-]{chapter.4}{Metodolox\355a de desenvolvemento}{}% 20
\BOOKMARK [1][-]{section.4.1}{Que \351 Scrum?}{chapter.4}% 21
\BOOKMARK [1][-]{section.4.2}{Roles}{chapter.4}% 22
\BOOKMARK [2][-]{subsection.4.2.1}{Roles centrais}{section.4.2}% 23
\BOOKMARK [2][-]{subsection.4.2.2}{Roles non centrais}{section.4.2}% 24
\BOOKMARK [1][-]{section.4.3}{Ciclo de proceso}{chapter.4}% 25
\BOOKMARK [2][-]{subsection.4.3.1}{Inicio de ciclo}{section.4.3}% 26
\BOOKMARK [2][-]{subsection.4.3.2}{Sprint planning meeting}{section.4.3}% 27
\BOOKMARK [2][-]{subsection.4.3.3}{Daily standup}{section.4.3}% 28
\BOOKMARK [2][-]{subsection.4.3.4}{Sprint review meeting}{section.4.3}% 29
\BOOKMARK [2][-]{subsection.4.3.5}{Sprint retrospective}{section.4.3}% 30
\BOOKMARK [1][-]{section.4.4}{Vantaxes e desvantaxes de Scrum}{chapter.4}% 31
\BOOKMARK [2][-]{subsection.4.4.1}{Vantaxes}{section.4.4}% 32
\BOOKMARK [2][-]{subsection.4.4.2}{Desvantaxes}{section.4.4}% 33
\BOOKMARK [1][-]{section.4.5}{Adaptaci\363n da metodolox\355a}{chapter.4}% 34
\BOOKMARK [0][-]{chapter.5}{An\341lise}{}% 35
\BOOKMARK [1][-]{section.5.1}{Actores}{chapter.5}% 36
\BOOKMARK [1][-]{section.5.2}{Casos de uso}{chapter.5}% 37
\BOOKMARK [2][-]{subsection.5.2.1}{Usuario Android}{section.5.2}% 38
\BOOKMARK [2][-]{subsection.5.2.2}{Xestor de contido}{section.5.2}% 39
\BOOKMARK [2][-]{subsection.5.2.3}{Administrador do sistema}{section.5.2}% 40
\BOOKMARK [0][-]{chapter.6}{Planificaci\363n e custos}{}% 41
\BOOKMARK [1][-]{section.6.1}{Desenvolvemento}{chapter.6}% 42
\BOOKMARK [2][-]{subsection.6.1.1}{Sprint 1: Aplicaci\363n Android: localizaci\363n dentro dun edificio}{section.6.1}% 43
\BOOKMARK [2][-]{subsection.6.1.2}{Sprint 2: Servidor inicial: POIs e percorridos}{section.6.1}% 44
\BOOKMARK [2][-]{subsection.6.1.3}{Sprint 3: Lectura datos dende aplicaci\363n Android}{section.6.1}% 45
\BOOKMARK [2][-]{subsection.6.1.4}{Sprint 4: Autenticaci\363n de usuarios}{section.6.1}% 46
\BOOKMARK [2][-]{subsection.6.1.5}{Sprint 5: Edici\363n de POIs e percorridos dende a aplicaci\363n Android}{section.6.1}% 47
\BOOKMARK [2][-]{subsection.6.1.6}{Sprint 6: Valor engadido da localizaci\363n Situm}{section.6.1}% 48
\BOOKMARK [2][-]{subsection.6.1.7}{Sprint 7: Imaxes para POIs}{section.6.1}% 49
\BOOKMARK [1][-]{section.6.2}{Planificaci\363n e custos iniciais}{chapter.6}% 50
\BOOKMARK [2][-]{subsection.6.2.1}{Planificaci\363n inicial}{section.6.2}% 51
\BOOKMARK [2][-]{subsection.6.2.2}{Custo inicial}{section.6.2}% 52
\BOOKMARK [2][-]{subsection.6.2.3}{An\341lise de riscos e plans de continxencia}{section.6.2}% 53
\BOOKMARK [1][-]{section.6.3}{Planificaci\363n e custos finais}{chapter.6}% 54
\BOOKMARK [2][-]{subsection.6.3.1}{Planificaci\363n final}{section.6.3}% 55
\BOOKMARK [2][-]{subsection.6.3.2}{Incidencias e resoluci\363n}{section.6.3}% 56
\BOOKMARK [2][-]{subsection.6.3.3}{Custo final}{section.6.3}% 57
\BOOKMARK [0][-]{chapter.7}{Dese\361o}{}% 58
\BOOKMARK [1][-]{section.7.1}{Arquitectura xeral}{chapter.7}% 59
\BOOKMARK [1][-]{section.7.2}{Modelo de datos}{chapter.7}% 60
\BOOKMARK [2][-]{subsection.7.2.1}{EDIFICIO}{section.7.2}% 61
\BOOKMARK [2][-]{subsection.7.2.2}{USUARIO}{section.7.2}% 62
\BOOKMARK [2][-]{subsection.7.2.3}{USUARIO\137EDIFICIO}{section.7.2}% 63
\BOOKMARK [2][-]{subsection.7.2.4}{PUNTO\137INTERESE}{section.7.2}% 64
\BOOKMARK [2][-]{subsection.7.2.5}{PERCORRIDO}{section.7.2}% 65
\BOOKMARK [2][-]{subsection.7.2.6}{PERCORRIDO\137PUNTO\137INTERESE}{section.7.2}% 66
\BOOKMARK [2][-]{subsection.7.2.7}{CONTA\137SITUM}{section.7.2}% 67
\BOOKMARK [2][-]{subsection.7.2.8}{CONTA\137SITUM\137USUARIO}{section.7.2}% 68
\BOOKMARK [2][-]{subsection.7.2.9}{IMAXE}{section.7.2}% 69
\BOOKMARK [1][-]{section.7.3}{Servidor}{chapter.7}% 70
\BOOKMARK [2][-]{subsection.7.3.1}{Divisi\363n en capas}{section.7.3}% 71
\BOOKMARK [2][-]{subsection.7.3.2}{Transaccionalidade}{section.7.3}% 72
\BOOKMARK [2][-]{subsection.7.3.3}{API REST}{section.7.3}% 73
\BOOKMARK [1][-]{section.7.4}{Aplicaci\363n Android}{chapter.7}% 74
\BOOKMARK [2][-]{subsection.7.4.1}{Actividades}{section.7.4}% 75
\BOOKMARK [2][-]{subsection.7.4.2}{Comunicaci\363n co servidor}{section.7.4}% 76
\BOOKMARK [2][-]{subsection.7.4.3}{Comunicaci\363n con Situm}{section.7.4}% 77
\BOOKMARK [2][-]{subsection.7.4.4}{Permisos necesarios}{section.7.4}% 78
\BOOKMARK [1][-]{section.7.5}{Sistema de autenticaci\363n a trav\351s de Google}{chapter.7}% 79
\BOOKMARK [0][-]{chapter.8}{Implementaci\363n}{}% 80
\BOOKMARK [1][-]{section.8.1}{Servidor}{chapter.8}% 81
\BOOKMARK [2][-]{subsection.8.1.1}{Acceso \341 base de datos}{section.8.1}% 82
\BOOKMARK [2][-]{subsection.8.1.2}{Construci\363n dos servizos web}{section.8.1}% 83
\BOOKMARK [2][-]{subsection.8.1.3}{Transaccionalidade}{section.8.1}% 84
\BOOKMARK [1][-]{section.8.2}{Aplicaci\363n Android}{chapter.8}% 85
\BOOKMARK [2][-]{subsection.8.2.1}{Solicitude de permisos}{section.8.2}% 86
\BOOKMARK [2][-]{subsection.8.2.2}{Acceso a Situm}{section.8.2}% 87
\BOOKMARK [2][-]{subsection.8.2.3}{Acceso ao servidor}{section.8.2}% 88
\BOOKMARK [1][-]{section.8.3}{Autenticaci\363n}{chapter.8}% 89
\BOOKMARK [0][-]{chapter.9}{Probas}{}% 90
\BOOKMARK [1][-]{section.9.1}{Probas de validaci\363n de cada sprint}{chapter.9}% 91
\BOOKMARK [1][-]{section.9.2}{Consola de Google}{chapter.9}% 92
\BOOKMARK [1][-]{section.9.3}{Probas de rendemento}{chapter.9}% 93
\BOOKMARK [1][-]{section.9.4}{Enquisa usuarios}{chapter.9}% 94
\BOOKMARK [0][-]{chapter.10}{Conclusi\363ns e traballo futuro}{}% 95
\BOOKMARK [1][-]{section.10.1}{Conclusi\363ns}{chapter.10}% 96
\BOOKMARK [1][-]{section.10.2}{Traballo futuro}{chapter.10}% 97
\BOOKMARK [0][-]{appendix.Alph1}{Casos de uso}{}% 98
\BOOKMARK [0][-]{appendix.Alph2}{Instalaci\363n do sistema Caronte}{}% 99
\BOOKMARK [1][-]{section.Alph2.1}{Requisitos}{appendix.Alph2}% 100
\BOOKMARK [2][-]{subsection.Alph2.1.1}{Servidor Caronte}{section.Alph2.1}% 101
\BOOKMARK [2][-]{subsection.Alph2.1.2}{Aplicaci\363n Android: Caronte}{section.Alph2.1}% 102
\BOOKMARK [1][-]{section.Alph2.2}{Instalaci\363n}{appendix.Alph2}% 103
\BOOKMARK [2][-]{subsection.Alph2.2.1}{Servidor Caronte}{section.Alph2.2}% 104
\BOOKMARK [2][-]{subsection.Alph2.2.2}{Aplicaci\363n Android: Caronte}{section.Alph2.2}% 105
\BOOKMARK [1][-]{section.Alph2.3}{Manuales de usuario}{appendix.Alph2}% 106
\BOOKMARK [2][-]{subsection.Alph2.3.1}{Administrador do servidor Caronte}{section.Alph2.3}% 107
\BOOKMARK [2][-]{subsection.Alph2.3.2}{Aplicaci\363n Caronte para usuarios an\363nimos}{section.Alph2.3}% 108
\BOOKMARK [2][-]{subsection.Alph2.3.3}{Apicaci\363n Caronte para xestores de contidos}{section.Alph2.3}% 109
\BOOKMARK [0][-]{appendix.Alph3}{Localizaci\363n en interiores de Situm}{}% 110
\BOOKMARK [1][-]{section.Alph3.1}{Nova conta en Situm}{appendix.Alph3}% 111
\BOOKMARK [1][-]{section.Alph3.2}{Dashboard de Situm}{appendix.Alph3}% 112
\BOOKMARK [1][-]{section.Alph3.3}{Editar edificios en Situm}{appendix.Alph3}% 113
\BOOKMARK [1][-]{section.Alph3.4}{Calibraci\363n de cada planta}{appendix.Alph3}% 114
\BOOKMARK [1][-]{section.Alph3.5}{Punto de interese Situm}{appendix.Alph3}% 115
\BOOKMARK [1][-]{section.Alph3.6}{Definici\363n de rutas}{appendix.Alph3}% 116
\BOOKMARK [0][-]{appendix.Alph4}{Contido do DVD adxunto}{}% 117
